<?xml version="1.0" encoding="UTF-8"?>
<robot generator="Robot 3.2.2 (Python 3.9.1 on win32)" generated="20210315 15:51:18.436" rpa="false">
<suite id="s1" name="IFStatements" source="E:\vidyaWorkspace482020\RobotFramework_python\Projects\pythonProject_Robot\TestingBasics_Tests\IFStatements.robot">
<test id="s1-t1" name="Testing IFCondition in Robot framework">
<kw name="Create Webdriver" library="SeleniumLibrary">
<doc>Creates an instance of Selenium WebDriver.</doc>
<arguments>
<arg>${BrowserC}</arg>
<arg>executable_path=${ChromeDriverPath}</arg>
</arguments>
<msg timestamp="20210315 15:51:18.894" level="INFO">Creating an instance of the Chrome WebDriver.</msg>
<status status="PASS" starttime="20210315 15:51:18.894" endtime="20210315 15:51:21.185"></status>
</kw>
<kw name="Go To" library="SeleniumLibrary">
<doc>Navigates the current browser window to the provided ``url``.</doc>
<arguments>
<arg>${URL}</arg>
</arguments>
<msg timestamp="20210315 15:51:21.187" level="INFO">Opening url 'https://www.matryxsoft.com/'</msg>
<status status="PASS" starttime="20210315 15:51:21.186" endtime="20210315 15:51:30.057"></status>
</kw>
<kw name="Maximize Browser Window" library="SeleniumLibrary">
<doc>Maximizes current browser window.</doc>
<status status="PASS" starttime="20210315 15:51:30.060" endtime="20210315 15:51:30.497"></status>
</kw>
<kw name="Get Element Count" library="SeleniumLibrary">
<doc>Returns the number of elements matching ``locator``.</doc>
<arguments>
<arg>xpath://a</arg>
</arguments>
<assign>
<var>${count}</var>
</assign>
<msg timestamp="20210315 15:51:30.702" level="INFO">${count} = 165</msg>
<status status="PASS" starttime="20210315 15:51:30.512" endtime="20210315 15:51:30.702"></status>
</kw>
<kw name="Should Be True" library="BuiltIn">
<doc>Fails if the given condition is not true.</doc>
<arguments>
<arg>${count} &gt; 2</arg>
</arguments>
<status status="PASS" starttime="20210315 15:51:30.706" endtime="20210315 15:51:30.706"></status>
</kw>
<kw name="Log To Console" library="BuiltIn">
<doc>Logs the given message to the console.</doc>
<arguments>
<arg>${count}</arg>
</arguments>
<status status="PASS" starttime="20210315 15:51:30.707" endtime="20210315 15:51:30.707"></status>
</kw>
<kw name="Sleep" library="BuiltIn">
<doc>Pauses the test executed for the given time.</doc>
<arguments>
<arg>5</arg>
</arguments>
<msg timestamp="20210315 15:51:35.714" level="INFO">Slept 5 seconds</msg>
<status status="PASS" starttime="20210315 15:51:30.707" endtime="20210315 15:51:35.714"></status>
</kw>
<kw name="Close Browser" library="SeleniumLibrary">
<doc>Closes the current browser.</doc>
<status status="PASS" starttime="20210315 15:51:35.715" endtime="20210315 15:51:39.692"></status>
</kw>
<status status="PASS" starttime="20210315 15:51:18.893" endtime="20210315 15:51:39.693" critical="yes"></status>
</test>
<test id="s1-t2" name="My First Test Case">
<kw name="Run Keyword If" library="BuiltIn">
<doc>Runs the given keyword with the given arguments, if ``condition`` is true.</doc>
<arguments>
<arg>'${employee}'=='VIDYA'</arg>
<arg>Log To Console</arg>
<arg>I am in If Condition</arg>
</arguments>
<kw name="Log To Console" library="BuiltIn">
<doc>Logs the given message to the console.</doc>
<arguments>
<arg>I am in If Condition</arg>
</arguments>
<status status="PASS" starttime="20210315 15:51:39.698" endtime="20210315 15:51:39.698"></status>
</kw>
<status status="PASS" starttime="20210315 15:51:39.697" endtime="20210315 15:51:39.699"></status>
</kw>
<status status="PASS" starttime="20210315 15:51:39.696" endtime="20210315 15:51:39.699" critical="yes"></status>
</test>
<status status="PASS" starttime="20210315 15:51:18.439" endtime="20210315 15:51:39.701"></status>
</suite>
<statistics>
<total>
<stat pass="2" fail="0">Critical Tests</stat>
<stat pass="2" fail="0">All Tests</stat>
</total>
<tag>
</tag>
<suite>
<stat pass="2" fail="0" id="s1" name="IFStatements">IFStatements</stat>
</suite>
</statistics>
<errors>
</errors>
</robot>
