<?xml version="1.0" encoding="UTF-8"?>
<robot generator="Robot 3.2.2 (Python 3.9.1 on win32)" generated="20210310 12:29:09.122" rpa="false">
<suite id="s1" name="Testcases" source="E:\vidyaWorkspace482020\RobotFramework_python\Projects\pythonProject_Robot\POMDemo\Testcases">
<suite id="s1-s1" name="LoginTestcaseDemo" source="E:\vidyaWorkspace482020\RobotFramework_python\Projects\pythonProject_Robot\POMDemo\Testcases\LoginTestcaseDemo.robot">
<test id="s1-s1-t1" name="LoginTestDemo">
<kw name="Open my Browser" library="LoginPageKeywords">
<arguments>
<arg>${URL}</arg>
<arg>${BrowserC}</arg>
<arg>${ChromeDriverPath}</arg>
</arguments>
<kw name="Create Webdriver" library="SeleniumLibrary">
<doc>Creates an instance of Selenium WebDriver.</doc>
<arguments>
<arg>${BrowserC}</arg>
<arg>executable_path=${ChromeDriverPath}</arg>
</arguments>
<msg timestamp="20210310 12:29:09.462" level="INFO">Creating an instance of the Chrome WebDriver.</msg>
<status status="PASS" starttime="20210310 12:29:09.461" endtime="20210310 12:29:11.637"></status>
</kw>
<kw name="Go To" library="SeleniumLibrary">
<doc>Navigates the current browser window to the provided ``url``.</doc>
<arguments>
<arg>${URL}</arg>
</arguments>
<msg timestamp="20210310 12:29:11.637" level="INFO">Opening url 'http://demo.guru99.com/test/newtours/'</msg>
<status status="PASS" starttime="20210310 12:29:11.637" endtime="20210310 12:29:16.793"></status>
</kw>
<kw name="Maximize Browser Window" library="SeleniumLibrary">
<doc>Maximizes current browser window.</doc>
<status status="PASS" starttime="20210310 12:29:16.794" endtime="20210310 12:29:16.917"></status>
</kw>
<status status="PASS" starttime="20210310 12:29:09.461" endtime="20210310 12:29:16.917"></status>
</kw>
<kw name="Enter Username" library="LoginPageKeywords">
<arguments>
<arg>${User}</arg>
</arguments>
<kw name="Input Text" library="SeleniumLibrary">
<doc>Types the given ``text`` into the text field identified by ``locator``.</doc>
<arguments>
<arg>${txt_loginUsername}</arg>
<arg>${sUsername}</arg>
</arguments>
<msg timestamp="20210310 12:29:16.918" level="INFO">Typing text 'tutorial' into text field 'name:userName'.</msg>
<status status="PASS" starttime="20210310 12:29:16.918" endtime="20210310 12:29:17.041"></status>
</kw>
<status status="PASS" starttime="20210310 12:29:16.917" endtime="20210310 12:29:17.042"></status>
</kw>
<kw name="Enter Password" library="LoginPageKeywords">
<arguments>
<arg>${Pwd}</arg>
</arguments>
<kw name="Input Text" library="SeleniumLibrary">
<doc>Types the given ``text`` into the text field identified by ``locator``.</doc>
<arguments>
<arg>${txt_loginPassword}</arg>
<arg>${sPassword}</arg>
</arguments>
<msg timestamp="20210310 12:29:17.043" level="INFO">Typing text 'tutorial' into text field 'name:password'.</msg>
<status status="PASS" starttime="20210310 12:29:17.042" endtime="20210310 12:29:17.151"></status>
</kw>
<status status="PASS" starttime="20210310 12:29:17.042" endtime="20210310 12:29:17.151"></status>
</kw>
<kw name="Click SignIn" library="LoginPageKeywords">
<kw name="Click Button" library="SeleniumLibrary">
<doc>Clicks the button identified by ``locator``.</doc>
<arguments>
<arg>${btn_signIn}</arg>
</arguments>
<msg timestamp="20210310 12:29:17.152" level="INFO">Clicking button 'xpath://*[@name='submit']'.</msg>
<status status="PASS" starttime="20210310 12:29:17.152" endtime="20210310 12:29:19.026"></status>
</kw>
<status status="PASS" starttime="20210310 12:29:17.151" endtime="20210310 12:29:19.026"></status>
</kw>
<kw name="Get page title" library="LoginPageKeywords">
<kw name="Get Title" library="SeleniumLibrary">
<doc>Returns the title of the current page.</doc>
<assign>
<var>${title}</var>
</assign>
<msg timestamp="20210310 12:29:19.031" level="INFO">${title} = Login: Mercury Tours</msg>
<status status="PASS" starttime="20210310 12:29:19.027" endtime="20210310 12:29:19.031"></status>
</kw>
<kw name="Log To Console" library="BuiltIn">
<doc>Logs the given message to the console.</doc>
<arguments>
<arg>${title}</arg>
</arguments>
<status status="PASS" starttime="20210310 12:29:19.031" endtime="20210310 12:29:19.032"></status>
</kw>
<status status="PASS" starttime="20210310 12:29:19.026" endtime="20210310 12:29:19.032"></status>
</kw>
<kw name="Verify Successful Login" library="LoginPageKeywords">
<kw name="Title Should Be" library="SeleniumLibrary">
<doc>Verifies that the current page title equals ``title``.</doc>
<arguments>
<arg>Login: Mercury Tours</arg>
</arguments>
<msg timestamp="20210310 12:29:19.035" level="INFO">Page title is 'Login: Mercury Tours'.</msg>
<status status="PASS" starttime="20210310 12:29:19.032" endtime="20210310 12:29:19.035"></status>
</kw>
<status status="PASS" starttime="20210310 12:29:19.032" endtime="20210310 12:29:19.035"></status>
</kw>
<kw name="close Browsers" library="LoginPageKeywords">
<kw name="Close All Browsers" library="SeleniumLibrary">
<doc>Closes all open browsers and resets the browser cache.</doc>
<status status="PASS" starttime="20210310 12:29:19.036" endtime="20210310 12:29:21.244"></status>
</kw>
<status status="PASS" starttime="20210310 12:29:19.035" endtime="20210310 12:29:21.245"></status>
</kw>
<status status="PASS" starttime="20210310 12:29:09.459" endtime="20210310 12:29:21.245" critical="yes"></status>
</test>
<status status="PASS" starttime="20210310 12:29:09.164" endtime="20210310 12:29:21.246"></status>
</suite>
<status status="PASS" starttime="20210310 12:29:09.125" endtime="20210310 12:29:21.248"></status>
</suite>
<statistics>
<total>
<stat pass="1" fail="0">Critical Tests</stat>
<stat pass="1" fail="0">All Tests</stat>
</total>
<tag>
</tag>
<suite>
<stat pass="1" fail="0" id="s1" name="Testcases">Testcases</stat>
<stat pass="1" fail="0" id="s1-s1" name="LoginTestcaseDemo">Testcases.LoginTestcaseDemo</stat>
</suite>
</statistics>
<errors>
</errors>
</robot>
