<?xml version="1.0" encoding="UTF-8"?>
<robot generator="Robot 3.2.2 (Python 3.9.1 on win32)" generated="20210310 12:29:09.124" rpa="false">
<suite id="s1" name="Testcases" source="E:\vidyaWorkspace482020\RobotFramework_python\Projects\pythonProject_Robot\POMDemo\Testcases">
<suite id="s1-s1" name="RegistrationTestcase" source="E:\vidyaWorkspace482020\RobotFramework_python\Projects\pythonProject_Robot\POMDemo\Testcases\RegistrationTestcase.robot">
<test id="s1-s1-t1" name="RegistrationTestDemo">
<kw name="Open my Browser" library="RegistrationPageKeywords">
<arguments>
<arg>${URL}</arg>
<arg>${BrowserC}</arg>
<arg>${ChromeDriverPath}</arg>
</arguments>
<kw name="Create Webdriver" library="SeleniumLibrary">
<doc>Creates an instance of Selenium WebDriver.</doc>
<arguments>
<arg>${BrowserC}</arg>
<arg>executable_path=${ChromeDriverPath}</arg>
</arguments>
<msg timestamp="20210310 12:29:09.467" level="INFO">Creating an instance of the Chrome WebDriver.</msg>
<status status="PASS" starttime="20210310 12:29:09.466" endtime="20210310 12:29:11.451"></status>
</kw>
<kw name="Go To" library="SeleniumLibrary">
<doc>Navigates the current browser window to the provided ``url``.</doc>
<arguments>
<arg>${URL}</arg>
</arguments>
<msg timestamp="20210310 12:29:11.451" level="INFO">Opening url 'http://demo.guru99.com/test/newtours/'</msg>
<status status="PASS" starttime="20210310 12:29:11.451" endtime="20210310 12:29:16.675"></status>
</kw>
<kw name="Maximize Browser Window" library="SeleniumLibrary">
<doc>Maximizes current browser window.</doc>
<status status="PASS" starttime="20210310 12:29:16.675" endtime="20210310 12:29:16.820"></status>
</kw>
<status status="PASS" starttime="20210310 12:29:09.465" endtime="20210310 12:29:16.820"></status>
</kw>
<kw name="Sleep" library="BuiltIn">
<doc>Pauses the test executed for the given time.</doc>
<arguments>
<arg>3</arg>
</arguments>
<msg timestamp="20210310 12:29:19.832" level="INFO">Slept 3 seconds</msg>
<status status="PASS" starttime="20210310 12:29:16.820" endtime="20210310 12:29:19.832"></status>
</kw>
<kw name="Click Rigister Link" library="RegistrationPageKeywords">
<kw name="Click Link" library="SeleniumLibrary">
<doc>Clicks a link identified by ``locator``.</doc>
<arguments>
<arg>${lnk_Register}</arg>
</arguments>
<msg timestamp="20210310 12:29:19.833" level="INFO">Clicking link 'link:REGISTER'.</msg>
<status status="PASS" starttime="20210310 12:29:19.833" endtime="20210310 12:29:21.129"></status>
</kw>
<status status="PASS" starttime="20210310 12:29:19.832" endtime="20210310 12:29:21.130"></status>
</kw>
<kw name="Enter FirstName" library="RegistrationPageKeywords">
<arguments>
<arg>${sFirstName}</arg>
</arguments>
<kw name="Input Text" library="SeleniumLibrary">
<doc>Types the given ``text`` into the text field identified by ``locator``.</doc>
<arguments>
<arg>${txt_FirstName}</arg>
<arg>${sFirstName}</arg>
</arguments>
<msg timestamp="20210310 12:29:21.131" level="INFO">Typing text 'Vidya' into text field 'name:firstName'.</msg>
<status status="PASS" starttime="20210310 12:29:21.130" endtime="20210310 12:29:21.246"></status>
</kw>
<status status="PASS" starttime="20210310 12:29:21.130" endtime="20210310 12:29:21.246"></status>
</kw>
<kw name="Enter LastName" library="RegistrationPageKeywords">
<arguments>
<arg>${sLastName}</arg>
</arguments>
<kw name="Input Text" library="SeleniumLibrary">
<doc>Types the given ``text`` into the text field identified by ``locator``.</doc>
<arguments>
<arg>${txt_LastName}</arg>
<arg>${sLastName}</arg>
</arguments>
<msg timestamp="20210310 12:29:21.247" level="INFO">Typing text 'Shri' into text field 'name:lastName'.</msg>
<status status="PASS" starttime="20210310 12:29:21.247" endtime="20210310 12:29:21.352"></status>
</kw>
<status status="PASS" starttime="20210310 12:29:21.246" endtime="20210310 12:29:21.352"></status>
</kw>
<kw name="Enter Phone" library="RegistrationPageKeywords">
<arguments>
<arg>${sPhone}</arg>
</arguments>
<kw name="Input Text" library="SeleniumLibrary">
<doc>Types the given ``text`` into the text field identified by ``locator``.</doc>
<arguments>
<arg>${txt_Phone}</arg>
<arg>${sPhone}</arg>
</arguments>
<msg timestamp="20210310 12:29:21.353" level="INFO">Typing text '123456789' into text field 'name:phone'.</msg>
<status status="PASS" starttime="20210310 12:29:21.353" endtime="20210310 12:29:21.461"></status>
</kw>
<status status="PASS" starttime="20210310 12:29:21.352" endtime="20210310 12:29:21.462"></status>
</kw>
<kw name="Enter Email" library="RegistrationPageKeywords">
<arguments>
<arg>${sEmail}</arg>
</arguments>
<kw name="Input Text" library="SeleniumLibrary">
<doc>Types the given ``text`` into the text field identified by ``locator``.</doc>
<arguments>
<arg>${txt_Email}</arg>
<arg>${sEmail}</arg>
</arguments>
<msg timestamp="20210310 12:29:21.463" level="INFO">Typing text 'vidya@gmail.com' into text field 'name:userName'.</msg>
<status status="PASS" starttime="20210310 12:29:21.462" endtime="20210310 12:29:21.573"></status>
</kw>
<status status="PASS" starttime="20210310 12:29:21.462" endtime="20210310 12:29:21.574"></status>
</kw>
<kw name="Enter Address" library="RegistrationPageKeywords">
<arguments>
<arg>${sAddress}</arg>
</arguments>
<kw name="Input Text" library="SeleniumLibrary">
<doc>Types the given ``text`` into the text field identified by ``locator``.</doc>
<arguments>
<arg>${txt_Address}</arg>
<arg>${sAddress}</arg>
</arguments>
<msg timestamp="20210310 12:29:21.575" level="INFO">Typing text 'India' into text field 'name:address1'.</msg>
<status status="PASS" starttime="20210310 12:29:21.574" endtime="20210310 12:29:21.668"></status>
</kw>
<status status="PASS" starttime="20210310 12:29:21.574" endtime="20210310 12:29:21.669"></status>
</kw>
<kw name="Enter City" library="RegistrationPageKeywords">
<arguments>
<arg>${sCity}</arg>
</arguments>
<kw name="Input Text" library="SeleniumLibrary">
<doc>Types the given ``text`` into the text field identified by ``locator``.</doc>
<arguments>
<arg>${txt_City}</arg>
<arg>${sCity}</arg>
</arguments>
<msg timestamp="20210310 12:29:21.669" level="INFO">Typing text 'Banglore' into text field 'name:city'.</msg>
<status status="PASS" starttime="20210310 12:29:21.669" endtime="20210310 12:29:21.773"></status>
</kw>
<status status="PASS" starttime="20210310 12:29:21.669" endtime="20210310 12:29:21.773"></status>
</kw>
<kw name="Enter State" library="RegistrationPageKeywords">
<arguments>
<arg>${sState}</arg>
</arguments>
<kw name="Input Text" library="SeleniumLibrary">
<doc>Types the given ``text`` into the text field identified by ``locator``.</doc>
<arguments>
<arg>${txt_State}</arg>
<arg>${sState}</arg>
</arguments>
<msg timestamp="20210310 12:29:21.774" level="INFO">Typing text 'Karnataka' into text field 'name:state'.</msg>
<status status="PASS" starttime="20210310 12:29:21.773" endtime="20210310 12:29:21.878"></status>
</kw>
<status status="PASS" starttime="20210310 12:29:21.773" endtime="20210310 12:29:21.878"></status>
</kw>
<kw name="Enter PostalCode" library="RegistrationPageKeywords">
<arguments>
<arg>${sPostalCode}</arg>
</arguments>
<kw name="Input Text" library="SeleniumLibrary">
<doc>Types the given ``text`` into the text field identified by ``locator``.</doc>
<arguments>
<arg>${txt_PostalCode}</arg>
<arg>${sPostalCode}</arg>
</arguments>
<msg timestamp="20210310 12:29:21.879" level="INFO">Typing text '123456' into text field 'name:postalCode'.</msg>
<status status="PASS" starttime="20210310 12:29:21.879" endtime="20210310 12:29:21.977"></status>
</kw>
<status status="PASS" starttime="20210310 12:29:21.879" endtime="20210310 12:29:21.978"></status>
</kw>
<kw name="Enter Country" library="RegistrationPageKeywords">
<arguments>
<arg>${sCountry}</arg>
</arguments>
<kw name="Select From List By Label" library="SeleniumLibrary">
<doc>Selects options from selection list ``locator`` by ``labels``.</doc>
<arguments>
<arg>${pop_Country}</arg>
<arg>${sCountry}</arg>
</arguments>
<msg timestamp="20210310 12:29:21.979" level="INFO">Selecting options from selection list 'name:country' by label INDIA.</msg>
<status status="PASS" starttime="20210310 12:29:21.978" endtime="20210310 12:29:22.066"></status>
</kw>
<status status="PASS" starttime="20210310 12:29:21.978" endtime="20210310 12:29:22.066"></status>
</kw>
<kw name="Enter UserName" library="RegistrationPageKeywords">
<arguments>
<arg>${sUserName}</arg>
</arguments>
<kw name="Input Text" library="SeleniumLibrary">
<doc>Types the given ``text`` into the text field identified by ``locator``.</doc>
<arguments>
<arg>${txt_UserName}</arg>
<arg>${sUserName}</arg>
</arguments>
<msg timestamp="20210310 12:29:22.067" level="INFO">Typing text 'Vidya123' into text field 'name:email'.</msg>
<status status="PASS" starttime="20210310 12:29:22.067" endtime="20210310 12:29:22.168"></status>
</kw>
<status status="PASS" starttime="20210310 12:29:22.066" endtime="20210310 12:29:22.168"></status>
</kw>
<kw name="Enter Password" library="RegistrationPageKeywords">
<arguments>
<arg>${sPassword}</arg>
</arguments>
<kw name="Input Text" library="SeleniumLibrary">
<doc>Types the given ``text`` into the text field identified by ``locator``.</doc>
<arguments>
<arg>${txt_Password}</arg>
<arg>${sPassword}</arg>
</arguments>
<msg timestamp="20210310 12:29:22.169" level="INFO">Typing text 'Vidya123' into text field 'name:password'.</msg>
<status status="PASS" starttime="20210310 12:29:22.169" endtime="20210310 12:29:22.279"></status>
</kw>
<status status="PASS" starttime="20210310 12:29:22.168" endtime="20210310 12:29:22.279"></status>
</kw>
<kw name="Enter UserName" library="RegistrationPageKeywords">
<arguments>
<arg>${sUserName}</arg>
</arguments>
<kw name="Input Text" library="SeleniumLibrary">
<doc>Types the given ``text`` into the text field identified by ``locator``.</doc>
<arguments>
<arg>${txt_UserName}</arg>
<arg>${sUserName}</arg>
</arguments>
<msg timestamp="20210310 12:29:22.280" level="INFO">Typing text 'Vidya123' into text field 'name:email'.</msg>
<status status="PASS" starttime="20210310 12:29:22.280" endtime="20210310 12:29:22.360"></status>
</kw>
<status status="PASS" starttime="20210310 12:29:22.279" endtime="20210310 12:29:22.361"></status>
</kw>
<kw name="Enter ConfirmPassword" library="RegistrationPageKeywords">
<arguments>
<arg>${sConfirmPassword}</arg>
</arguments>
<kw name="Input Text" library="SeleniumLibrary">
<doc>Types the given ``text`` into the text field identified by ``locator``.</doc>
<arguments>
<arg>${txt_ConfirmPassword}</arg>
<arg>${sConfirmPassword}</arg>
</arguments>
<msg timestamp="20210310 12:29:22.362" level="INFO">Typing text 'Vidya123' into text field 'name:confirmPassword'.</msg>
<status status="PASS" starttime="20210310 12:29:22.361" endtime="20210310 12:29:22.466"></status>
</kw>
<status status="PASS" starttime="20210310 12:29:22.361" endtime="20210310 12:29:22.466"></status>
</kw>
<kw name="Click On Submit" library="RegistrationPageKeywords">
<kw name="Click Button" library="SeleniumLibrary">
<doc>Clicks the button identified by ``locator``.</doc>
<arguments>
<arg>${btn_Submit}</arg>
</arguments>
<msg timestamp="20210310 12:29:22.467" level="INFO">Clicking button 'name:submit'.</msg>
<status status="PASS" starttime="20210310 12:29:22.467" endtime="20210310 12:29:26.679"></status>
</kw>
<status status="PASS" starttime="20210310 12:29:22.467" endtime="20210310 12:29:26.679"></status>
</kw>
<kw name="Get page title" library="RegistrationPageKeywords">
<kw name="Get Title" library="SeleniumLibrary">
<doc>Returns the title of the current page.</doc>
<assign>
<var>${title}</var>
</assign>
<msg timestamp="20210310 12:29:26.688" level="INFO">${title} = Register: Mercury Tours</msg>
<status status="PASS" starttime="20210310 12:29:26.680" endtime="20210310 12:29:26.688"></status>
</kw>
<kw name="Log To Console" library="BuiltIn">
<doc>Logs the given message to the console.</doc>
<arguments>
<arg>${title}</arg>
</arguments>
<status status="PASS" starttime="20210310 12:29:26.689" endtime="20210310 12:29:26.689"></status>
</kw>
<status status="PASS" starttime="20210310 12:29:26.680" endtime="20210310 12:29:26.690"></status>
</kw>
<kw name="Sleep" library="BuiltIn">
<doc>Pauses the test executed for the given time.</doc>
<arguments>
<arg>3</arg>
</arguments>
<msg timestamp="20210310 12:29:29.698" level="INFO">Slept 3 seconds</msg>
<status status="PASS" starttime="20210310 12:29:26.690" endtime="20210310 12:29:29.698"></status>
</kw>
<kw name="Verify Successfull registration" library="RegistrationPageKeywords">
<kw name="Page Should Contain" library="SeleniumLibrary">
<doc>Verifies that current page contains ``text``.</doc>
<arguments>
<arg>Thank you for registering.</arg>
</arguments>
<msg timestamp="20210310 12:29:29.732" level="INFO">Current page contains text 'Thank you for registering.'.</msg>
<status status="PASS" starttime="20210310 12:29:29.699" endtime="20210310 12:29:29.732"></status>
</kw>
<status status="PASS" starttime="20210310 12:29:29.699" endtime="20210310 12:29:29.732"></status>
</kw>
<kw name="Sleep" library="BuiltIn">
<doc>Pauses the test executed for the given time.</doc>
<arguments>
<arg>3</arg>
</arguments>
<msg timestamp="20210310 12:29:32.747" level="INFO">Slept 3 seconds</msg>
<status status="PASS" starttime="20210310 12:29:29.732" endtime="20210310 12:29:32.747"></status>
</kw>
<kw name="close Browsers" library="RegistrationPageKeywords">
<kw name="Close All Browsers" library="SeleniumLibrary">
<doc>Closes all open browsers and resets the browser cache.</doc>
<status status="PASS" starttime="20210310 12:29:32.748" endtime="20210310 12:29:34.918"></status>
</kw>
<status status="PASS" starttime="20210310 12:29:32.748" endtime="20210310 12:29:34.919"></status>
</kw>
<status status="PASS" starttime="20210310 12:29:09.464" endtime="20210310 12:29:34.919" critical="yes"></status>
</test>
<status status="PASS" starttime="20210310 12:29:09.163" endtime="20210310 12:29:34.920"></status>
</suite>
<status status="PASS" starttime="20210310 12:29:09.127" endtime="20210310 12:29:34.923"></status>
</suite>
<statistics>
<total>
<stat pass="1" fail="0">Critical Tests</stat>
<stat pass="1" fail="0">All Tests</stat>
</total>
<tag>
</tag>
<suite>
<stat pass="1" fail="0" id="s1" name="Testcases">Testcases</stat>
<stat pass="1" fail="0" id="s1-s1" name="RegistrationTestcase">Testcases.RegistrationTestcase</stat>
</suite>
</statistics>
<errors>
</errors>
</robot>
